<!DOCTYPE suite SYSTEM "http://testng.org/testng-1.0.dtd" >
<suite name="RecipeBook_RegressionTest">
<test name="RegressionTest">
<groups>
	<run>
		<include name="regression" />
	</run>
</groups>
	<classes>
		<class name="com.sanjayautomation.recipebook.testcases.TestRecipesPage" />
 		<class name="com.sanjayautomation.recipebook.testcases.TestShoppingListPage" />
	</classes>
</test>
</suite>