<?xml version="1.0" encoding="UTF-8"?>
<!-- Generated by org.testng.reporters.JUnitReportReporter -->
<testsuite skipped="0" hostname="ROSYs-MacBook-Air.local" name="com.sanjayautomation.recipebook.testcases.TestShoppingListPage" tests="3" failures="0" timestamp="15 Aug 2020 20:38:15 GMT" time="9.106" errors="0">
  <testcase name="test_shouldAddNewIngredient_whenValidNameAndAmountEntered" time="2.953" classname="com.sanjayautomation.recipebook.testcases.TestShoppingListPage"/>
  <testcase name="test_shouldDisableAddButton_WhenOnlyNameIsEngered" time="2.990" classname="com.sanjayautomation.recipebook.testcases.TestShoppingListPage"/>
  <testcase name="test_shouldDisableAddButton_WhenAmountIsNotNumber" time="3.163" classname="com.sanjayautomation.recipebook.testcases.TestShoppingListPage"/>
</testsuite> <!-- com.sanjayautomation.recipebook.testcases.TestShoppingListPage -->
