<?xml version="1.0" encoding="UTF-8"?>
<!-- Generated by org.testng.reporters.JUnitReportReporter -->
<testsuite skipped="0" hostname="ROSYs-MacBook-Air.local" name="com.sanjayautomation.recipebook.testcases.TestRecipesPage" tests="6" failures="0" timestamp="15 Aug 2020 09:23:13 GMT" time="27.219" errors="0">
  <testcase name="test_shouldDisplayText_whenUserInLandingPage" time="5.118" classname="com.sanjayautomation.recipebook.testcases.TestRecipesPage"/>
  <testcase name="test_shouldDisplayRecipesList_whenUserInLandingPage" time="2.902" classname="com.sanjayautomation.recipebook.testcases.TestRecipesPage"/>
  <testcase name="test_shouldAddNewRecipe_whenCorrectValuesEntered" time="4.819" classname="com.sanjayautomation.recipebook.testcases.TestRecipesPage"/>
  <testcase name="test_shouldAddMultipleNewRecipes_whenCorrectValuesEnteredOneAfterAnother" time="3.736" classname="com.sanjayautomation.recipebook.testcases.TestRecipesPage"/>
  <testcase name="test_shouldAddMultipleNewRecipes_whenCorrectValuesEnteredOneAfterAnother" time="3.660" classname="com.sanjayautomation.recipebook.testcases.TestRecipesPage"/>
  <testcase name="test_shouldAddMultipleNewRecipes_whenCorrectValuesEnteredOneAfterAnother" time="6.984" classname="com.sanjayautomation.recipebook.testcases.TestRecipesPage"/>
</testsuite> <!-- com.sanjayautomation.recipebook.testcases.TestRecipesPage -->
