<?xml version="1.0" encoding="UTF-8"?>
<!-- Generated by org.testng.reporters.JUnitReportReporter -->
<testsuite skipped="0" hostname="ROSYs-MacBook-Air.local" name="com.sanjayautomation.recipebook.testcases.TestShoppingListPage" tests="3" failures="0" timestamp="15 Aug 2020 09:23:13 GMT" time="12.943" errors="0">
  <testcase name="test_shouldAddNewIngredient_whenValidNameAndAmountEntered" time="4.531" classname="com.sanjayautomation.recipebook.testcases.TestShoppingListPage"/>
  <testcase name="test_shouldDisableAddButton_WhenOnlyNameIsEngered" time="3.106" classname="com.sanjayautomation.recipebook.testcases.TestShoppingListPage"/>
  <testcase name="test_shouldDisableAddButton_WhenAmountIsNotNumber" time="5.306" classname="com.sanjayautomation.recipebook.testcases.TestShoppingListPage"/>
</testsuite> <!-- com.sanjayautomation.recipebook.testcases.TestShoppingListPage -->
