<?xml version="1.0" encoding="UTF-8"?>
<!-- Generated by org.testng.reporters.JUnitReportReporter -->
<testsuite skipped="0" hostname="ROSYs-MacBook-Air.local" name="com.sanjayautomation.recipebook.testcases.TestRecipesPage" tests="3" failures="0" timestamp="15 Aug 2020 20:38:15 GMT" time="11.323" errors="0">
  <testcase name="test_shouldDisplayRecipesList_whenUserInLandingPage" time="3.009" classname="com.sanjayautomation.recipebook.testcases.TestRecipesPage"/>
  <testcase name="test_shouldDisplayText_whenUserInLandingPage" time="2.620" classname="com.sanjayautomation.recipebook.testcases.TestRecipesPage"/>
  <testcase name="test_shouldAddNewRecipe_whenCorrectValuesEntered" time="5.694" classname="com.sanjayautomation.recipebook.testcases.TestRecipesPage"/>
</testsuite> <!-- com.sanjayautomation.recipebook.testcases.TestRecipesPage -->
